935 PDB file(s) found.
Processing PDB 1GHX...
	Parsing info from 1GHX...
	Loading -> pdb: 1GHX, chain: L, unp: P00734, species: HUMAN
	Loading -> pdb: 1GHX, chain: H, unp: P00734, species: HUMAN
	Loading -> pdb: 1GHX, chain: I, unp: P28504, species: HUMAN
Processing PDB 1GHY...
	Parsing info from 1GHY...
	Loading -> pdb: 1GHY, chain: L, unp: P00734, species: HUMAN
	Loading -> pdb: 1GHY, chain: H, unp: P00734, species: HUMAN
	Loading -> pdb: 1GHY, chain: I, unp: P28504, species: HUMAN
Processing PDB 2ONO...
	Parsing info from 2ONO...
	Loading -> pdb: 2ONO, chain: A, unp: P05091, species: HUMAN
	Loading -> pdb: 2ONO, chain: B, unp: P05091, species: HUMAN
	Loading -> pdb: 2ONO, chain: C, unp: P05091, species: HUMAN
	Loading -> pdb: 2ONO, chain: D, unp: P05091, species: HUMAN
	Loading -> pdb: 2ONO, chain: E, unp: P05091, species: HUMAN
	Loading -> pdb: 2ONO, chain: F, unp: P05091, species: HUMAN
	Loading -> pdb: 2ONO, chain: G, unp: P05091, species: HUMAN
	Loading -> pdb: 2ONO, chain: H, unp: P05091, species: HUMAN
Processing PDB 2ONN...
	Parsing info from 2ONN...
	Loading -> pdb: 2ONN, chain: A, unp: P05091, species: HUMAN
	Loading -> pdb: 2ONN, chain: B, unp: P05091, species: HUMAN
	Loading -> pdb: 2ONN, chain: C, unp: P05091, species: HUMAN
	Loading -> pdb: 2ONN, chain: D, unp: P05091, species: HUMAN
	Loading -> pdb: 2ONN, chain: E, unp: P05091, species: HUMAN
	Loading -> pdb: 2ONN, chain: F, unp: P05091, species: HUMAN
	Loading -> pdb: 2ONN, chain: G, unp: P05091, species: HUMAN
	Loading -> pdb: 2ONN, chain: H, unp: P05091, species: HUMAN
Processing PDB 2ONM...
	Parsing info from 2ONM...
	Loading -> pdb: 2ONM, chain: A, unp: P05091, species: HUMAN
	Loading -> pdb: 2ONM, chain: B, unp: P05091, species: HUMAN
	Loading -> pdb: 2ONM, chain: C, unp: P05091, species: HUMAN
	Loading -> pdb: 2ONM, chain: D, unp: P05091, species: HUMAN
	Loading -> pdb: 2ONM, chain: E, unp: P05091, species: HUMAN
	Loading -> pdb: 2ONM, chain: F, unp: P05091, species: HUMAN
	Loading -> pdb: 2ONM, chain: G, unp: P05091, species: HUMAN
	Loading -> pdb: 2ONM, chain: H, unp: P05091, species: HUMAN
	Loading -> pdb: 2ONM, chain: I, unp: P05091, species: HUMAN
	Loading -> pdb: 2ONM, chain: J, unp: P05091, species: HUMAN
	Loading -> pdb: 2ONM, chain: K, unp: P05091, species: HUMAN
	Loading -> pdb: 2ONM, chain: L, unp: P05091, species: HUMAN
Processing PDB 3P17...
	Parsing info from 3P17...
	Loading -> pdb: 3P17, chain: L, unp: P00734, species: HUMAN
	Loading -> pdb: 3P17, chain: H, unp: P00734, species: HUMAN
	Loading -> pdb: 3P17, chain: I, unp: P09945, species: HUMAN
Processing PDB 1GHV...
	Parsing info from 1GHV...
	Loading -> pdb: 1GHV, chain: L, unp: P00734, species: HUMAN
	Loading -> pdb: 1GHV, chain: H, unp: P00734, species: HUMAN
	Loading -> pdb: 1GHV, chain: I, unp: P28504, species: HUMAN
Processing PDB 1GHW...
	Parsing info from 1GHW...
	Loading -> pdb: 1GHW, chain: L, unp: P00734, species: HUMAN
	Loading -> pdb: 1GHW, chain: H, unp: P00734, species: HUMAN
	Loading -> pdb: 1GHW, chain: I, unp: P28504, species: HUMAN
Processing PDB 2ONZ...
	Parsing info from 2ONZ...
	Loading -> pdb: 2ONZ, chain: A, unp: P11086, species: HUMAN
	Loading -> pdb: 2ONZ, chain: B, unp: P11086, species: HUMAN
Processing PDB 2ONY...
	Parsing info from 2ONY...
	Loading -> pdb: 2ONY, chain: A, unp: P11086, species: HUMAN
	Loading -> pdb: 2ONY, chain: B, unp: P11086, species: HUMAN
Processing PDB 3D49...
	Parsing info from 3D49...
	Loading -> pdb: 3D49, chain: L, unp: P00734, species: HUMAN
	Loading -> pdb: 3D49, chain: H, unp: P00734, species: HUMAN
	Loading -> pdb: 3D49, chain: I, unp: P01050, species: HUMAN
Processing PDB 3KR0...
	Parsing info from 3KR0...
	Loading -> pdb: 3KR0, chain: A, unp: P11086, species: HUMAN
	Loading -> pdb: 3KR0, chain: B, unp: P11086, species: HUMAN
Processing PDB 1WQJ...
	Parsing info from 1WQJ...
	Loading -> pdb: 1WQJ, chain: B, unp: P22692, species: HUMAN
	Loading -> pdb: 1WQJ, chain: I, unp: P05019, species: HUMAN
Processing PDB 1HWL...
	Parsing info from 1HWL...
	Loading -> pdb: 1HWL, chain: A, unp: P04035, species: HUMAN
	Loading -> pdb: 1HWL, chain: B, unp: P04035, species: HUMAN
	Loading -> pdb: 1HWL, chain: C, unp: P04035, species: HUMAN
	Loading -> pdb: 1HWL, chain: D, unp: P04035, species: HUMAN
Processing PDB 2ONP...
	Parsing info from 2ONP...
	Loading -> pdb: 2ONP, chain: A, unp: P05091, species: HUMAN
	Loading -> pdb: 2ONP, chain: B, unp: P05091, species: HUMAN
	Loading -> pdb: 2ONP, chain: C, unp: P05091, species: HUMAN
	Loading -> pdb: 2ONP, chain: D, unp: P05091, species: HUMAN
	Loading -> pdb: 2ONP, chain: E, unp: P05091, species: HUMAN
	Loading -> pdb: 2ONP, chain: F, unp: P05091, species: HUMAN
	Loading -> pdb: 2ONP, chain: G, unp: P05091, species: HUMAN
	Loading -> pdb: 2ONP, chain: H, unp: P05091, species: HUMAN
Processing PDB 1HWJ...
	Parsing info from 1HWJ...
	Loading -> pdb: 1HWJ, chain: A, unp: P04035, species: HUMAN
	Loading -> pdb: 1HWJ, chain: B, unp: P04035, species: HUMAN
	Loading -> pdb: 1HWJ, chain: C, unp: P04035, species: HUMAN
	Loading -> pdb: 1HWJ, chain: D, unp: P04035, species: HUMAN
Processing PDB 1BI7...
	Parsing info from 1BI7...
	Loading -> pdb: 1BI7, chain: A, unp: Q00534, species: HUMAN
	Loading -> pdb: 1BI7, chain: B, unp: P42771, species: HUMAN
Processing PDB 1HWI...
	Parsing info from 1HWI...
	Loading -> pdb: 1HWI, chain: A, unp: P04035, species: HUMAN
	Loading -> pdb: 1HWI, chain: B, unp: P04035, species: HUMAN
	Loading -> pdb: 1HWI, chain: C, unp: P04035, species: HUMAN
	Loading -> pdb: 1HWI, chain: D, unp: P04035, species: HUMAN
Processing PDB 3F6K...
	Parsing info from 3F6K...
Processing PDB 3N96...
	Parsing info from 3N96...
	Loading -> pdb: 3N96, chain: E, unp: P55089, species: HUMAN
	Loading -> pdb: 3N96, chain: F, unp: P55089, species: HUMAN
	Loading -> pdb: 3N96, chain: G, unp: P55089, species: HUMAN
	Loading -> pdb: 3N96, chain: H, unp: P55089, species: HUMAN
Processing PDB 1IH0...
	Parsing info from 1IH0...
Traceback (most recent call last):
  File "./pdbmap.py", line 338, in <module>
    main()
  File "./pdbmap.py", line 66, in main
    load_pdb(pdb_id,pdb_file)
  File "./pdbmap.py", line 89, in load_pdb
    read_atom(fin,c)
  File "./pdbmap.py", line 175, in read_atom
    c.execute("INSERT INTO coords VALUES (?,?,?,?,?,?,?,?)",(chain,serialnum,seqres,aminoacid,aminoacid_oneletter,x,y,z))
sqlite3.IntegrityError: columns chain, serialnum are not unique
