28 PDB file(s) found.
Processing PDB 2B4Y...
	Parsing info from 2B4Y...
	Loading -> pdb: 2B4Y, chain: A, unp: Q9NXA8, species: HUMAN
	Loading -> pdb: 2B4Y, chain: B, unp: Q9NXA8, species: HUMAN
	Loading -> pdb: 2B4Y, chain: C, unp: Q9NXA8, species: HUMAN
	Loading -> pdb: 2B4Y, chain: D, unp: Q9NXA8, species: HUMAN
Processing PDB 3GLT...
	Parsing info from 3GLT...
	Loading -> pdb: 3GLT, chain: A, unp: Q9NTG7, species: HUMAN
	Loading -> pdb: 3GLT, chain: B, unp: Q9NUB1, species: HUMAN
Processing PDB 3GLU...
	Parsing info from 3GLU...
	Loading -> pdb: 3GLU, chain: A, unp: Q9NTG7, species: HUMAN
	Loading -> pdb: 3GLU, chain: B, unp: Q9NUB1, species: HUMAN
Processing PDB 4HD8...
	Parsing info from 4HD8...
	Loading -> pdb: 4HD8, chain: A, unp: Q9NTG7, species: HUMAN
Processing PDB 3GLS...
	Parsing info from 3GLS...
	Loading -> pdb: 3GLS, chain: A, unp: Q9NTG7, species: HUMAN
	Loading -> pdb: 3GLS, chain: B, unp: Q9NTG7, species: HUMAN
	Loading -> pdb: 3GLS, chain: C, unp: Q9NTG7, species: HUMAN
	Loading -> pdb: 3GLS, chain: D, unp: Q9NTG7, species: HUMAN
	Loading -> pdb: 3GLS, chain: E, unp: Q9NTG7, species: HUMAN
	Loading -> pdb: 3GLS, chain: F, unp: Q9NTG7, species: HUMAN
Processing PDB 3ZG6...
	Parsing info from 3ZG6...
Processing PDB 1J8F...
	Parsing info from 1J8F...
	Loading -> pdb: 1J8F, chain: A, unp: Q8IXJ6, species: HUMAN
	Loading -> pdb: 1J8F, chain: B, unp: Q8IXJ6, species: HUMAN
	Loading -> pdb: 1J8F, chain: C, unp: Q8IXJ6, species: HUMAN
Processing PDB 3RIY...
	Parsing info from 3RIY...
	Loading -> pdb: 3RIY, chain: A, unp: Q9NXA8, species: HUMAN
	Loading -> pdb: 3RIY, chain: B, unp: Q9NXA8, species: HUMAN
Processing PDB 3U31...
	Parsing info from 3U31...
Processing PDB 4IAO...
	Parsing info from 4IAO...
	Loading any human homologues -> pdb: 4IAO, chain: A, unp: P06700, ung: To, species: saccharomyces_cerevisiae
	Loading any human homologues -> pdb: 4IAO, chain: B, unp: P06700, ung: To, species: saccharomyces_cerevisiae
	Loading any human homologues -> pdb: 4IAO, chain: C, unp: P11978, ung: To, species: saccharomyces_cerevisiae
	Loading any human homologues -> pdb: 4IAO, chain: D, unp: P11978, ung: To, species: saccharomyces_cerevisiae
Processing PDB 3RIG...
	Parsing info from 3RIG...
	Loading -> pdb: 3RIG, chain: A, unp: Q9NXA8, species: HUMAN
	Loading -> pdb: 3RIG, chain: B, unp: Q9NXA8, species: HUMAN
Processing PDB 2HJH...
	Parsing info from 2HJH...
	Loading any human homologues -> pdb: 2HJH, chain: A, unp: P06700, ung: To, species: saccharomyces_cerevisiae
	Loading any human homologues -> pdb: 2HJH, chain: B, unp: P06700, ung: To, species: saccharomyces_cerevisiae
Processing PDB 4F56...
	Parsing info from 4F56...
	Loading -> pdb: 4F56, chain: A, unp: Q9NXA8, species: HUMAN
	Loading -> pdb: 4F56, chain: B, unp: Q9NXA8, species: HUMAN
	Loading -> pdb: 4F56, chain: C, unp: P68431, species: HUMAN
	Loading -> pdb: 4F56, chain: D, unp: P68431, species: HUMAN
Processing PDB 3U3D...
	Parsing info from 3U3D...
Processing PDB 4FZ3...
	Parsing info from 4FZ3...
	Loading -> pdb: 4FZ3, chain: A, unp: Q9NTG7, species: HUMAN
	Loading -> pdb: 4FZ3, chain: B, unp: P04637, species: HUMAN
