PDB 3RIY could not be processed.
(1146, "Table 'pdbmap.minTrans' doesn't exist")
Skipping...
PDB 3RIG could not be processed.
(1146, "Table 'pdbmap.minTrans' doesn't exist")
Skipping...
PDB 3U3D could not be processed.
(1146, "Table 'pdbmap.minTrans' doesn't exist")
Skipping...
Traceback (most recent call last):
  File "./pdbmap.py", line 359, in <module>
    """
  File "./pdbmap.py", line 70, in main
    else:
  File "./pdbmap.py", line 126, in load_pdb
    print "\tSpecies is non-human and human homologue mappning is disabled. Skipping..."
  File "./pdbmap.py", line 228, in publish_data
    query.append("CALL %s.sanitize_transcripts();"%dbname)
  File "/usr/lib64/python2.7/site-packages/MySQLdb/cursors.py", line 186, in execute
    r = self._query(query)
KeyboardInterrupt
