WARNING (PDBMapIO) MySQL query failed: INSERT IGNORE INTO GenomicData VALUES ('1kg','chr10',696223,696224,'rs79645637','rs79645637','SNP',NULL,'G','T',NULL,100,0.9993,0.9737,0.0004,0.001,0.0126,27,2184,'-',0.01,0.0028,0,0.05,0,'ENSG00000180525','PRR26','LOWCOV'); Reason: 'Ref_AminoAcid'
WARNING (PDBMapIO) MySQL query failed: INSERT IGNORE INTO GenomicData VALUES ('1kg','chr10',696868,696869,'rs199557839','rs199557839','INDEL',NULL,'AC','A',NULL,86,0.9955,0.7272,0.0006,0.0018,0.0073,13,2184,'AC',0.01,0,0.02,0,0,'ENSG00000180525','PRR26',NULL); Reason: 'Ref_AminoAcid'
WARNING (PDBMapIO) MySQL query failed: INSERT IGNORE INTO GenomicData VALUES ('1kg','chr10',863665,863666,'rs201148474','rs201148474','SNP',NULL,'C','A',NULL,100,1,0.9547,0.0003,0.0004,0.0005,1,2184,'C',0.0005,0.0028,0,0,0,'ENSG00000107929','LARP4B','EXOME'); Reason: 'Ref_AminoAcid'
WARNING (PDBMapIO) MySQL query failed: INSERT IGNORE INTO GenomicConsequence VALUES ('chr10',863665,863666,'rs201148474','ENST00000316157','ENSP00000326128',1,'A','missense_variant;splice_region_variant',1737,1696,566,'R','S','agG','agT','0.116','0.01','protein_coding',NULL); Reason: 'Ref_AminoAcid'
WARNING (PDBMapIO) MySQL query failed: INSERT IGNORE INTO GenomicData VALUES ('1kg','chr10',998124,1025762,'esv2674482',NULL,'SV','DEL','A','<DEL>',NULL,NULL,0.9993,0.7165,0.0004,0.0004,0.0013,2,2184,NULL,0.0009,0,0,0.0041,0,'ENSG00000205740',NULL,NULL); Reason: 'Ref_AminoAcid'
WARNING (PDBMapIO) MySQL query failed: INSERT IGNORE INTO GenomicData VALUES ('1kg','chr10',1018756,1018757,'rs199702365','rs199702365','INDEL',NULL,'CA','C',NULL,161,0.9956,0.8729,0.0007,0.0003,0.0128,24,2184,NULL,0.01,0.06,0.01,0,0,'ENSG00000205740',NULL,NULL); Reason: 'Ref_AminoAcid'
WARNING (PDBMapIO) MySQL query failed: INSERT IGNORE INTO GenomicData VALUES ('1kg','chr10',1034466,1034467,'rs201885506','rs201885506','SNP',NULL,'A','G',NULL,100,0.9998,0.191,0.0003,0.0007,0.0002,0,2184,'A',0,0,0,0,0,'ENSG00000107937','GTPBP4','EXOME'); Reason: 'Ref_AminoAcid'
WARNING (PDBMapIO) MySQL query failed: INSERT IGNORE INTO GenomicConsequence VALUES ('chr10',1034466,1034467,'rs201885506','ENST00000360803','ENSP00000354040',1,'G','missense_variant;splice_region_variant',130,48,17,'K','R','aAg','aGg','0.048','0.06','protein_coding',NULL); Reason: 'Ref_AminoAcid'
WARNING (PDBMapIO) MySQL query failed: INSERT IGNORE INTO GenomicConsequence VALUES ('chr10',1051758,1051759,'rs201097765','ENST00000545048','ENSP00000445473',NULL,'G','missense_variant;splice_region_variant',1100,773,259,'K','E','Aaa','Gaa','0.002','0.89','protein_coding','Pfam_domain:PF02421,Superfamily_domains:SSF52540,TIGRFAM_domain:TIGR00231'); Reason: 'Ref_AminoAcid'
WARNING (PDBMapIO) MySQL query failed: INSERT IGNORE INTO GenomicConsequence VALUES ('chr10',1054898,1054899,'rs149656462','ENST00000545048','ENSP00000445473',NULL,'A','missense_variant;splice_region_variant',1301,974,326,'E','K','Gag','Aag','0.019','0.39','protein_coding',NULL); Reason: 'Ref_AminoAcid'
WARNING (PDBMapIO) MySQL query failed: INSERT IGNORE INTO GenomicData VALUES ('1kg','chr10',1061835,1061836,'rs142553502','rs142553502','SNP',NULL,'A','G',NULL,100,1,1,0.0003,0.0019,0.0005,1,2184,'A',0.0005,0,0,0.002,0,'ENSG00000107937','GTPBP4','LOWCOV;EXOME'); Reason: 'Ref_AminoAcid'
WARNING (PDBMapIO) MySQL query failed: INSERT IGNORE INTO GenomicData VALUES ('1kg','chr10',1063015,1063016,'rs145057181','rs145057181','SNP',NULL,'A','T',NULL,100,1,1,0.0003,0.0012,0.0009,2,2184,'A',0.0009,0,0,0.0041,0,'ENSG00000107937','GTPBP4','LOWCOV;EXOME'); Reason: 'Ref_AminoAcid'
WARNING (PDBMapIO) MySQL query failed: INSERT IGNORE INTO GenomicConsequence VALUES ('chr10',1088565,1088566,'rs7074880','ENST00000427898','ENSP00000404771',NULL,'C','missense_variant',366,287,97,'S','G','Agc','Ggc','0.041','0.32','protein_coding','Pfam_domain:PF00293'); Reason: 'Ref_AminoAcid'
WARNING (PDBMapIO) MySQL query failed: INSERT IGNORE INTO GenomicConsequence VALUES ('chr10',1088565,1088566,'rs7074880','ENST00000427898','ENSP00000404771',NULL,'C','missense_variant',366,287,97,'S','G','Agc','Ggc','0.041','0.32','protein_coding','Pfam_domain:PF00293'); Reason: 'Ref_AminoAcid'
WARNING (PDBMapIO) MySQL query failed: INSERT IGNORE INTO GenomicConsequence VALUES ('chr10',3183003,3183004,'rs71477812','ENST00000224949','ENSP00000224949',NULL,'A','missense_variant;splice_region_variant',2683,2648,884,'L','F','Ctt','Ttt','0.998','0','protein_coding','Pfam_domain:PF05193,Superfamily_domains:SSF63411'); Reason: 'Ref_AminoAcid'
WARNING (PDBMapIO) MySQL query failed: INSERT IGNORE INTO GenomicConsequence VALUES ('chr10',3185930,3185931,'rs144615329','ENST00000424714','ENSP00000402072',NULL,'G','missense_variant',228,228,77,'H','P','cAt','cCt','0.569','0','protein_coding',NULL); Reason: 'Ref_AminoAcid'
WARNING (PDBMapIO) MySQL query failed: INSERT IGNORE INTO GenomicConsequence VALUES ('chr10',3823982,3823983,'rs151112485','ENST00000542957','ENSP00000445301',NULL,'T','missense_variant',795,528,177,'R','H','cGc','cAc','0.969','0.08','protein_coding',NULL); Reason: 'Ref_AminoAcid'
WARNING (PDBMapIO) MySQL query failed: INSERT IGNORE INTO GenomicConsequence VALUES ('chr10',5141520,5141521,'rs192314534','ENST00000439082','ENSP00000401327',NULL,'T','missense_variant;splice_region_variant',563,93,32,'A','V','gCc','gTc','0.443','0.06','protein_coding','Pfam_domain:PF00248,Superfamily_domains:SSF51430'); Reason: 'Ref_AminoAcid'
WARNING (PDBMapIO) MySQL query failed: INSERT IGNORE INTO GenomicConsequence VALUES ('chr10',5141520,5141521,'rs192314534','ENST00000602997','ENSP00000474188',NULL,'T','missense_variant;splice_region_variant',551,381,128,'A','V','gCc','gTc','0.316','0.05','protein_coding','Pfam_domain:PF00248,Superfamily_domains:SSF51430'); Reason: 'Ref_AminoAcid'
WARNING (PDBMapIO) MySQL query failed: INSERT IGNORE INTO GenomicConsequence VALUES ('chr10',5141639,5141640,'rs140580498','ENST00000439082','ENSP00000401327',NULL,'T','stop_gained;splice_region_variant',682,212,72,'Q','*','Cag','Tag',NULL,NULL,'protein_coding','Pfam_domain:PF00248,Superfamily_domains:SSF51430,Prints_domain:PR00069'); Reason: 'Ref_AminoAcid'
WARNING (PDBMapIO) MySQL query failed: INSERT IGNORE INTO GenomicData VALUES ('1kg','chr10',5147869,5147870,'rs141515798','rs141515798','SNP',NULL,'G','C',NULL,100,0.9999,0.9547,0.0003,0.0004,0.001,2,2184,'G',0.0009,0,0,0.0041,0,'ENSG00000196139','AKR1C3','EXOME'); Reason: 'Ref_AminoAcid'
WARNING (PDBMapIO) MySQL query failed: INSERT IGNORE INTO GenomicData VALUES ('1kg','chr10',5200000,5200001,'rs114988413','rs114988413','SNP',NULL,'C','T',NULL,100,0.9996,0.9482,0.0003,0.0003,0.0031,7,2184,'C',0.0032,0,0,0.01,0,'ENSG00000196326','AKR1CL1','LOWCOV'); Reason: 'Ref_AminoAcid'
WARNING (PDBMapIO) MySQL query failed: INSERT IGNORE INTO GenomicData VALUES ('1kg','chr10',5204982,5204983,'rs146584789','rs146584789','SNP',NULL,'G','C',NULL,100,1,0.9547,0.0003,0.0003,0.0005,1,2184,'G',0.0005,0,0,0.002,0,'ENSG00000196326','AKR1CL1','LOWCOV'); Reason: 'Ref_AminoAcid'
WARNING (PDBMapIO) MySQL query failed: INSERT IGNORE INTO GenomicData VALUES ('1kg','chr10',5541182,5541183,'rs202221308','rs10904517,rs202221308,COSM1561299','INDEL',NULL,'TC','T',NULL,121,0.9019,0.8322,0.011,0.0004,0.3133,695,2184,'TC',0.32,0.22,0.26,0.5,0.29,'ENSG00000178372','CALML5',NULL); Reason: 'Ref_AminoAcid'
WARNING (PDBMapIO) MySQL query failed: INSERT IGNORE INTO GenomicConsequence VALUES ('chr10',5808113,5808114,'rs199531623','ENST00000380181','ENSP00000369528',NULL,'T','splice_region_variant;synonymous_variant',1213,1060,354,'I','I','atC','atA',NULL,NULL,'protein_coding','Pfam_domain:PF00996,Superfamily_domains:SSF51905'); Reason: 'Ref_AminoAcid'
WARNING (PDBMapIO) MySQL query failed: INSERT IGNORE INTO GenomicData VALUES ('1kg','chr10',5948000,5948001,'rs202040166','rs202040166','SNP',NULL,'G','T',NULL,100,1,1,0.0003,0.0004,0.0005,1,2184,'G',0.0005,0,0.0017,0,0,'ENSG00000134452','FBXO18','EXOME'); Reason: 'Ref_AminoAcid'
WARNING (PDBMapIO) MySQL query failed: INSERT IGNORE INTO GenomicData VALUES ('1kg','chr10',5948000,5948001,'rs202040166','rs202040166','SNP',NULL,'G','T',NULL,100,1,1,0.0003,0.0004,0.0005,1,2184,'G',0.0005,0,0.0017,0,0,'ENSG00000134452','FBXO18','EXOME'); Reason: 'Ref_AminoAcid'
WARNING (PDBMapIO) MySQL query failed: INSERT IGNORE INTO GenomicConsequence VALUES ('chr10',5948000,5948001,'rs202040166','ENST00000379999','ENSP00000369335',1,'T','missense_variant;splice_region_variant',416,312,105,'G','V','gGt','gTt','0.474','0.02','protein_coding',NULL); Reason: 'Ref_AminoAcid'
WARNING (PDBMapIO) MySQL query failed: INSERT IGNORE INTO GenomicConsequence VALUES ('chr10',5948000,5948001,'rs202040166','ENST00000379999','ENSP00000369335',1,'T','missense_variant;splice_region_variant',416,312,105,'G','V','gGt','gTt','0.474','0.02','protein_coding',NULL); Reason: 'Ref_AminoAcid'
WARNING (PDBMapIO) MySQL query failed: INSERT IGNORE INTO GenomicData VALUES ('1kg','chr10',5979161,5979162,'rs202185822','rs202185822','SNP',NULL,'C','T',NULL,100,1,0.05,0.0003,0.0006,0,0,2184,NULL,0,0,0,0,0,'ENSG00000134452','FBXO18','EXOME'); Reason: 'Ref_AminoAcid'
WARNING (PDBMapIO) MySQL query failed: INSERT IGNORE INTO GenomicData VALUES ('1kg','chr10',7601809,7601810,'rs201992976','rs201992976','INDEL',NULL,'TTTTTG','T',NULL,347,0.9872,0.9638,0.0013,0.0011,0.1585,346,2184,NULL,0.16,0.16,0.15,0.27,0.1,'ENSG00000123243','ITIH5',NULL); Reason: 'Ref_AminoAcid'
WARNING (PDBMapIO) MySQL query failed: INSERT IGNORE INTO GenomicData VALUES ('1kg','chr10',7605077,7605078,'rs61199416','rs61199416,rs200847681','INDEL',NULL,'TC','T',NULL,659,0.9929,0.9734,0.001,0.0056,0.9156,2001,2184,'T',0.92,0.97,0.99,0.66,1,'ENSG00000123243','ITIH5',NULL); Reason: 'Ref_AminoAcid'
WARNING (PDBMapIO) MySQL query failed: INSERT IGNORE INTO GenomicData VALUES ('1kg','chr10',7605077,7605078,'rs61199416','rs61199416,rs200847681','INDEL',NULL,'TC','T',NULL,659,0.9929,0.9734,0.001,0.0056,0.9156,2001,2184,'T',0.92,0.97,0.99,0.66,1,'ENSG00000123243','ITIH5',NULL); Reason: 'Ref_AminoAcid'
WARNING (PDBMapIO) MySQL query failed: INSERT IGNORE INTO GenomicData VALUES ('1kg','chr10',7618685,7618686,'rs201694044','rs2275069,rs201694044','INDEL',NULL,'GT','G',NULL,7,0.9468,0.4737,0.0092,0.0004,0.0425,50,2184,'GT',0.02,0.02,0.04,0.03,0.01,'ENSG00000123243','ITIH5',NULL); Reason: 'Ref_AminoAcid'
WARNING (PDBMapIO) MySQL query failed: INSERT IGNORE INTO GenomicData VALUES ('1kg','chr10',7618685,7618686,'rs201694044','rs2275069,rs201694044','INDEL',NULL,'GT','G',NULL,7,0.9468,0.4737,0.0092,0.0004,0.0425,50,2184,'GT',0.02,0.02,0.04,0.03,0.01,'ENSG00000123243','ITIH5',NULL); Reason: 'Ref_AminoAcid'
WARNING (PDBMapIO) MySQL query failed: INSERT IGNORE INTO GenomicData VALUES ('1kg','chr10',7618685,7618686,'rs201694044','rs2275069,rs201694044','INDEL',NULL,'GT','G',NULL,7,0.9468,0.4737,0.0092,0.0004,0.0425,50,2184,'GT',0.02,0.02,0.04,0.03,0.01,'ENSG00000123243','ITIH5',NULL); Reason: 'Ref_AminoAcid'
WARNING (PDBMapIO) MySQL query failed: INSERT IGNORE INTO GenomicData VALUES ('1kg','chr10',7618685,7618686,'rs201694044','rs2275069,rs201694044','INDEL',NULL,'GT','G',NULL,7,0.9468,0.4737,0.0092,0.0004,0.0425,50,2184,'GT',0.02,0.02,0.04,0.03,0.01,'ENSG00000123243','ITIH5',NULL); Reason: 'Ref_AminoAcid'
WARNING (PDBMapIO) MySQL query failed: INSERT IGNORE INTO GenomicData VALUES ('1kg','chr10',7618685,7618686,'rs201694044','rs2275069,rs201694044','INDEL',NULL,'GT','G',NULL,7,0.9468,0.4737,0.0092,0.0004,0.0425,50,2184,'GT',0.02,0.02,0.04,0.03,0.01,'ENSG00000123243','ITIH5',NULL); Reason: 'Ref_AminoAcid'
WARNING (PDBMapIO) MySQL query failed: INSERT IGNORE INTO GenomicConsequence VALUES ('chr10',7773776,7773777,'rs199599004','ENST00000379587','ENSP00000368906',NULL,'T','missense_variant;splice_region_variant',1467,1432,478,'K','N','aaA','aaT','0.017','0.11','protein_coding','Superfamily_domains:SSF53300,SMART_domains:SM00327,PROSITE_profiles:PS50234'); Reason: 'Ref_AminoAcid'
WARNING (PDBMapIO) MySQL query failed: INSERT IGNORE INTO GenomicConsequence VALUES ('chr10',7808018,7808019,'rs184496860','ENST00000498098','ENSP00000473950',NULL,'A','missense_variant;splice_region_variant;NMD_transcript_variant',50,50,18,'P','S','Cct','Tct','0.183','0.28','nonsense_mediated_decay',NULL); Reason: 'Ref_AminoAcid'
WARNING (PDBMapIO) MySQL query failed: INSERT IGNORE INTO GenomicConsequence VALUES ('chr10',7808018,7808019,'rs184496860','ENST00000498098','ENSP00000473950',NULL,'A','missense_variant;splice_region_variant;NMD_transcript_variant',50,50,18,'P','S','Cct','Tct','0.183','0.28','nonsense_mediated_decay',NULL); Reason: 'Ref_AminoAcid'
WARNING (PDBMapIO) MySQL query failed: INSERT IGNORE INTO GenomicConsequence VALUES ('chr10',7808018,7808019,'rs184496860','ENST00000535925','ENSP00000440529',NULL,'A','missense_variant;splice_region_variant',942,848,284,'P','S','Cct','Tct','0.183','0.43','protein_coding',NULL); Reason: 'Ref_AminoAcid'
 __  __  __            
|__)|  \|__)|\/| _  _  
|   |__/|__)|  |(_||_) 
                   |   
## Processing 1kg: /scratch/sivleyrm/1kg/ALL.chr10.phase1_release_v3.20101123.snps_indels_svs.genotypes.vcf.gz ##
Initializing VCF generator.
Initializing VEP generator.
Traceback (most recent call last):
  File "./pdbmap.py", line 291, in <module>
    nrows = pdbmap.load_data(dname,dfile,args.cores)
  File "./pdbmap.py", line 111, in load_data
    nrows = io.upload_genomic_data(generator,dname)
  File "/ant2/Bush_eQTL/sivleyrm/projects/pdbmap/lib/PDBMapIO.py", line 249, in upload_genomic_data
    for i,record in enumerate(dstream):
  File "/ant2/Bush_eQTL/sivleyrm/projects/pdbmap/lib/PDBMapData.py", line 90, in load_vcf
    record.CSQ = self._parse_csq(csq_headers,record.INFO['CSQ'])
  File "/ant2/Bush_eQTL/sivleyrm/projects/pdbmap/lib/PDBMapData.py", line 192, in _parse_csq
    csq["cDNA_position"] =  int(csq['cDNA_position'].split('-')[0]) + 1
ValueError: invalid literal for int() with base 10: '?'
ERROR (PDBMapData) Unknown VEP error. Examine stacktrace...

gzip: stdout: Broken pipe
WARNING (PDBMapIO) MySQL query failed: INSERT IGNORE INTO GenomicData VALUES ('1kg','chr10',696223,696224,'rs79645637','rs79645637','SNP',NULL,'G','T',NULL,100,0.9993,0.9737,0.0004,0.001,0.0126,27,2184,'-',0.01,0.0028,0,0.05,0,'ENSG00000180525','PRR26','LOWCOV'); Reason: 'Ref_AminoAcid'
WARNING (PDBMapIO) MySQL query failed: INSERT IGNORE INTO GenomicData VALUES ('1kg','chr10',696868,696869,'rs199557839','rs199557839','INDEL',NULL,'AC','A',NULL,86,0.9955,0.7272,0.0006,0.0018,0.0073,13,2184,'AC',0.01,0,0.02,0,0,'ENSG00000180525','PRR26',NULL); Reason: 'Ref_AminoAcid'
WARNING (PDBMapIO) MySQL query failed: INSERT IGNORE INTO GenomicData VALUES ('1kg','chr10',863665,863666,'rs201148474','rs201148474','SNP',NULL,'C','A',NULL,100,1,0.9547,0.0003,0.0004,0.0005,1,2184,'C',0.0005,0.0028,0,0,0,'ENSG00000107929','LARP4B','EXOME'); Reason: 'Ref_AminoAcid'
WARNING (PDBMapIO) MySQL query failed: INSERT IGNORE INTO GenomicConsequence VALUES ('chr10',863665,863666,'rs201148474','ENST00000316157','ENSP00000326128',1,'A','missense_variant;splice_region_variant',1737,1696,566,'R','S','agG','agT','0.116','0.01','protein_coding',NULL); Reason: 'Ref_AminoAcid'
WARNING (PDBMapIO) MySQL query failed: INSERT IGNORE INTO GenomicData VALUES ('1kg','chr10',998124,1025762,'esv2674482',NULL,'SV','DEL','A','<DEL>',NULL,NULL,0.9993,0.7165,0.0004,0.0004,0.0013,2,2184,NULL,0.0009,0,0,0.0041,0,'ENSG00000205740',NULL,NULL); Reason: 'Ref_AminoAcid'
WARNING (PDBMapIO) MySQL query failed: INSERT IGNORE INTO GenomicData VALUES ('1kg','chr10',1018756,1018757,'rs199702365','rs199702365','INDEL',NULL,'CA','C',NULL,161,0.9956,0.8729,0.0007,0.0003,0.0128,24,2184,NULL,0.01,0.06,0.01,0,0,'ENSG00000205740',NULL,NULL); Reason: 'Ref_AminoAcid'
WARNING (PDBMapIO) MySQL query failed: INSERT IGNORE INTO GenomicData VALUES ('1kg','chr10',1034466,1034467,'rs201885506','rs201885506','SNP',NULL,'A','G',NULL,100,0.9998,0.191,0.0003,0.0007,0.0002,0,2184,'A',0,0,0,0,0,'ENSG00000107937','GTPBP4','EXOME'); Reason: 'Ref_AminoAcid'
WARNING (PDBMapIO) MySQL query failed: INSERT IGNORE INTO GenomicConsequence VALUES ('chr10',1034466,1034467,'rs201885506','ENST00000360803','ENSP00000354040',1,'G','missense_variant;splice_region_variant',130,48,17,'K','R','aAg','aGg','0.048','0.06','protein_coding',NULL); Reason: 'Ref_AminoAcid'
WARNING (PDBMapIO) MySQL query failed: INSERT IGNORE INTO GenomicConsequence VALUES ('chr10',1051758,1051759,'rs201097765','ENST00000545048','ENSP00000445473',NULL,'G','missense_variant;splice_region_variant',1100,773,259,'K','E','Aaa','Gaa','0.002','0.89','protein_coding','Pfam_domain:PF02421,Superfamily_domains:SSF52540,TIGRFAM_domain:TIGR00231'); Reason: 'Ref_AminoAcid'
WARNING (PDBMapIO) MySQL query failed: INSERT IGNORE INTO GenomicConsequence VALUES ('chr10',1054898,1054899,'rs149656462','ENST00000545048','ENSP00000445473',NULL,'A','missense_variant;splice_region_variant',1301,974,326,'E','K','Gag','Aag','0.019','0.39','protein_coding',NULL); Reason: 'Ref_AminoAcid'
WARNING (PDBMapIO) MySQL query failed: INSERT IGNORE INTO GenomicData VALUES ('1kg','chr10',1061835,1061836,'rs142553502','rs142553502','SNP',NULL,'A','G',NULL,100,1,1,0.0003,0.0019,0.0005,1,2184,'A',0.0005,0,0,0.002,0,'ENSG00000107937','GTPBP4','LOWCOV;EXOME'); Reason: 'Ref_AminoAcid'
WARNING (PDBMapIO) MySQL query failed: INSERT IGNORE INTO GenomicData VALUES ('1kg','chr10',1063015,1063016,'rs145057181','rs145057181','SNP',NULL,'A','T',NULL,100,1,1,0.0003,0.0012,0.0009,2,2184,'A',0.0009,0,0,0.0041,0,'ENSG00000107937','GTPBP4','LOWCOV;EXOME'); Reason: 'Ref_AminoAcid'
WARNING (PDBMapIO) MySQL query failed: INSERT IGNORE INTO GenomicConsequence VALUES ('chr10',1088565,1088566,'rs7074880','ENST00000427898','ENSP00000404771',NULL,'C','missense_variant',366,287,97,'S','G','Agc','Ggc','0.041','0.32','protein_coding','Pfam_domain:PF00293'); Reason: 'Ref_AminoAcid'
WARNING (PDBMapIO) MySQL query failed: INSERT IGNORE INTO GenomicConsequence VALUES ('chr10',1088565,1088566,'rs7074880','ENST00000427898','ENSP00000404771',NULL,'C','missense_variant',366,287,97,'S','G','Agc','Ggc','0.041','0.32','protein_coding','Pfam_domain:PF00293'); Reason: 'Ref_AminoAcid'
WARNING (PDBMapIO) MySQL query failed: INSERT IGNORE INTO GenomicConsequence VALUES ('chr10',3183003,3183004,'rs71477812','ENST00000224949','ENSP00000224949',NULL,'A','missense_variant;splice_region_variant',2683,2648,884,'L','F','Ctt','Ttt','0.998','0','protein_coding','Pfam_domain:PF05193,Superfamily_domains:SSF63411'); Reason: 'Ref_AminoAcid'
WARNING (PDBMapIO) MySQL query failed: INSERT IGNORE INTO GenomicConsequence VALUES ('chr10',3185930,3185931,'rs144615329','ENST00000424714','ENSP00000402072',NULL,'G','missense_variant',228,228,77,'H','P','cAt','cCt','0.569','0','protein_coding',NULL); Reason: 'Ref_AminoAcid'
WARNING (PDBMapIO) MySQL query failed: INSERT IGNORE INTO GenomicConsequence VALUES ('chr10',3823982,3823983,'rs151112485','ENST00000542957','ENSP00000445301',NULL,'T','missense_variant',795,528,177,'R','H','cGc','cAc','0.969','0.08','protein_coding',NULL); Reason: 'Ref_AminoAcid'
